= print_hex ====================================================================
$> gcc -Wextra -Wall -Werror print_hex.c -o user_exe 

= Test 1 ===================================================
$> ./m3otmcba28wka4felxo9rkre 
$> diff -U 3 user_output_test1 test1.output | cat -e

Diff OK :D
= Test 2 ===================================================
$> ./bdfkwumeev6m0bfvwu66loov "21" "2313"
$> diff -U 3 user_output_test2 test2.output | cat -e

Diff OK :D
= Test 3 ===================================================
$> ./vo0am86qm6yarb1g0aybnd5x 2147483647
$> diff -U 3 user_output_test3 test3.output | cat -e

Diff OK :D
= Test 4 ===================================================
$> ./5spu0kflx638cdcc4cuy03zz 0
$> diff -U 3 user_output_test4 test4.output | cat -e

Diff OK :D
= Test 5 ===================================================
$> ./vj6n1dt4csam02x3oj3omkzv 393882824
$> diff -U 3 user_output_test5 test5.output | cat -e

Diff OK :D
= Test 6 ===================================================
$> ./5isx3r0datwo5n4fvy97vg5v 16338217
$> diff -U 3 user_output_test6 test6.output | cat -e

Diff OK :D
= Test 7 ===================================================
$> ./wc7zznyuts0cfai040bh5smc 692647616
$> diff -U 3 user_output_test7 test7.output | cat -e

Diff OK :D
= Test 8 ===================================================
$> ./i8oq9jv5zktmkx2vf46rdq96 1455755517
$> diff -U 3 user_output_test8 test8.output | cat -e

Diff OK :D
= Test 9 ===================================================
$> ./7vi2u45tv87e4tg5uect00g3 927475665
$> diff -U 3 user_output_test9 test9.output | cat -e

Diff OK :D
= Test 10 ==================================================
$> ./5sfqs0qr3ogxzxighfozgri3 288863327
$> diff -U 3 user_output_test10 test10.output | cat -e

Diff OK :D
= Test 11 ==================================================
$> ./7mlkgjhjgx6n9bgpuj9cdlb4 560190759
$> diff -U 3 user_output_test11 test11.output | cat -e

Diff OK :D
= Test 12 ==================================================
$> ./wfodlq7sp04al6qmn8x0pvno 820122142
$> diff -U 3 user_output_test12 test12.output | cat -e

Diff OK :D
= Test 13 ==================================================
$> ./zz3dw49kmibi9caqr78bxl3m 54426998
$> diff -U 3 user_output_test13 test13.output | cat -e

Diff OK :D
= Test 14 ==================================================
$> ./xogzfaujcrxrptmbjoo9jw9a 1485897248
$> diff -U 3 user_output_test14 test14.output | cat -e

Diff OK :D
= Test 15 ==================================================
$> ./vckmt96y6753nnng9z47npdv 112555290
$> diff -U 3 user_output_test15 test15.output | cat -e

Diff OK :D
= Test 16 ==================================================
$> ./gomqk6sraldt9vpb45l4015a 51340751
$> diff -U 3 user_output_test16 test16.output | cat -e

Diff OK :D
= Test 17 ==================================================
$> ./56f6nhc9voq9ldb4c2izq1yu 192508018
$> diff -U 3 user_output_test17 test17.output | cat -e

Diff OK :D
= Test 18 ==================================================
$> ./f7zbuusvdpul2boqgwcniiow 1866920219
$> diff -U 3 user_output_test18 test18.output | cat -e

Diff OK :D
= Test 19 ==================================================
$> ./o8cvdkdffgdd3mv6h2uox36d 1728609017
$> diff -U 3 user_output_test19 test19.output | cat -e

Diff OK :D
= Test 20 ==================================================
$> ./wcjjkb1xjejbkot5x9burgsj 531909605
$> diff -U 3 user_output_test20 test20.output | cat -e

Diff OK :D
Grade: 1

= Final grade: 1 ===============================================================
