= tab_mult =====================================================================
$> gcc -Wextra -Wall -Werror tab_mult.c -o user_exe 

= Test 1 ===================================================
$> ./pnk9t2ws7gavrmuw4a1gg9rk 
$> diff -U 3 user_output_test1 test1.output | cat -e

Diff OK :D
= Test 2 ===================================================
$> ./a7e8lak98e0w9i27alp9i14t 105053539
$> diff -U 3 user_output_test2 test2.output | cat -e

Diff OK :D
= Test 3 ===================================================
$> ./39u4sboc2sqmbdgsgyp1bvx8 40864238
$> diff -U 3 user_output_test3 test3.output | cat -e

Diff OK :D
= Test 4 ===================================================
$> ./kju1swlo7kixv29ei4qjfsao 100597466
$> diff -U 3 user_output_test4 test4.output | cat -e

Diff OK :D
= Test 5 ===================================================
$> ./eoni5a32uu8pjdjn2v50pci7 173851486
$> diff -U 3 user_output_test5 test5.output | cat -e

Diff OK :D
= Test 6 ===================================================
$> ./tqfeol74r673sw4rsnl7kih5 5730901
$> diff -U 3 user_output_test6 test6.output | cat -e

Diff OK :D
= Test 7 ===================================================
$> ./3qy8aqwtebo88ao5k15x1knq 42220654
$> diff -U 3 user_output_test7 test7.output | cat -e

Diff OK :D
= Test 8 ===================================================
$> ./4w5u09c4rf9l7l2osskclrgg 66967125
$> diff -U 3 user_output_test8 test8.output | cat -e

Diff OK :D
= Test 9 ===================================================
$> ./rhomizaateq2o5i44d3y0vmz 48590360
$> diff -U 3 user_output_test9 test9.output | cat -e

Diff OK :D
= Test 10 ==================================================
$> ./kyieqk5ds2wwv8col6ygnkd4 92572242
$> diff -U 3 user_output_test10 test10.output | cat -e

Diff OK :D
= Test 11 ==================================================
$> ./i7j6hwcxsxm43ep2b3xq7b1z 117645133
$> diff -U 3 user_output_test11 test11.output | cat -e

Diff OK :D
= Test 12 ==================================================
$> ./ou50rqlmu8ms49mecobbu9pa 129817204
$> diff -U 3 user_output_test12 test12.output | cat -e

Diff OK :D
= Test 13 ==================================================
$> ./d9l6lwngajuoie10dcrxonxa 9151121
$> diff -U 3 user_output_test13 test13.output | cat -e

Diff OK :D
= Test 14 ==================================================
$> ./2npy2or21lk87a2rlk0taiuc 111276782
$> diff -U 3 user_output_test14 test14.output | cat -e

Diff OK :D
= Test 15 ==================================================
$> ./vbqzf6p7ilcxhqtgktz6esa9 151046184
$> diff -U 3 user_output_test15 test15.output | cat -e

Diff OK :D
Grade: 1

= Final grade: 1 ===============================================================
