= ft_strcspn ===================================================================
$> gcc -Wextra -Wall -Werror main.c ft_strcspn.c -o user_exe 

= Test 1 ===================================================
$> ./1z69ck3r2vemt77am63bmeim 'chat' 'chien'
$> diff -U 3 user_output_test1 test1.output | cat -e

Diff OK :D
= Test 2 ===================================================
$> ./m8cksuiubgpyd39vmb7qq4lp 'ABCDEFG019874' 'ABCD'
$> diff -U 3 user_output_test2 test2.output | cat -e

Diff OK :D
= Test 3 ===================================================
$> ./yzsnzrqvdbo40580ildot6uf ' ' '1234567890'
$> diff -U 3 user_output_test3 test3.output | cat -e

Diff OK :D
= Test 4 ===================================================
$> ./9n3uxyhrjqqcg5idb4kie8af '1234567890' ' '
$> diff -U 3 user_output_test4 test4.output | cat -e

Diff OK :D
= Test 5 ===================================================
$> ./uuzcslxoovhshj9nhbbhxbdt ';fjhbsdnc xwpusgrhbs' 'opsiyhgvdzbnciox'
$> diff -U 3 user_output_test5 test5.output | cat -e

Diff OK :D
= Test 6 ===================================================
$> ./s9o0a0qvg48kpcd0dlj0cz4u '0987654321' '1234567890'
$> diff -U 3 user_output_test6 test6.output | cat -e

Diff OK :D
= Test 7 ===================================================
$> ./risur7wb9s4ntr73024qrj6m '/bin/ls/' '/bien/ls/~'
$> diff -U 3 user_output_test7 test7.output | cat -e

Diff OK :D
= Test 8 ===================================================
$> ./hnunamxcmuy5bfss7kcdrkay '~`,./<>?!@#$%^&*()-+_{}[]|\' 'abcdefghijklmnopqrstuvzxyz'
$> diff -U 3 user_output_test8 test8.output | cat -e

Diff OK :D
= Test 9 ===================================================
$> ./5htf9zpadt8hog0h935vxe0g 'Farenheit' 'Degree'
$> diff -U 3 user_output_test9 test9.output | cat -e

Diff OK :D
= Test 10 ==================================================
$> ./keqifg5qigpiitg76nozllh1 'Et quoniam inedia gravi adflictabantur, locum petivere Paleas nomine, vergentem in mare, valido muro firmatum, ubi conduntur nunc usque commeatus distribui militibus omne latus Isauriae defendentibus adsueti. circumstetere igitur hoc munimentum per triduum et trinoctium et cum neque adclivitas ipsa sine discrimine adiri letali, nec cuniculis quicquam geri posset, nec procederet ullum obsidionale commentum, maesti excedunt postrema vi subigente maiora viribus adgressuri.' 'Et quoniam inedia gravi adflictabantur, locum petivere Paleas nomine, vergentem in mare, valido muro firmatum, ubi conduntur nunc usque commeatus distribui militibus omne latus Isauriae defendentibus adsueti. circumstetere igitur hoc munimentum per triduum et trinoctium et cum neque adclivitas ipsa sine discrimine adiri letali, nec cuniculis quicquam geri posset, nec procederet ullum obsidionale commentum, maesti excedunt postrema vi subigente maiora viribus adgressuri.'
$> diff -U 3 user_output_test10 test10.output | cat -e

Diff OK :D
Grade: 1

= Final grade: 1 ===============================================================
