= ft_itoa ======================================================================
$> gcc -Wextra -Wall -Werror main.c ft_itoa.c -o user_exe 

= Test 1 ===================================================
$> ./fz9uc039jauxs30zbjpy1l01 0
$> diff -U 3 user_output_test1 test1.output | cat -e

Diff OK :D
= Test 2 ===================================================
$> ./ymvhprv8yba81ddilbyeh9fc 2147483647
$> diff -U 3 user_output_test2 test2.output | cat -e

Diff OK :D
= Test 3 ===================================================
$> ./1tvp9c85qog30rhalqpfmjpl -2147483648
$> diff -U 3 user_output_test3 test3.output | cat -e

Diff OK :D
= Test 4 ===================================================
$> ./a963fa5aoj2vu9ckzdsn2cdj -48
$> diff -U 3 user_output_test4 test4.output | cat -e

Diff OK :D
= Test 5 ===================================================
$> ./5vdduohwxsmfice7bqpaaud7 146
$> diff -U 3 user_output_test5 test5.output | cat -e

Diff OK :D
= Test 6 ===================================================
$> ./89xc66iw6lhklxn1kut94r3r -11
$> diff -U 3 user_output_test6 test6.output | cat -e

Diff OK :D
= Test 7 ===================================================
$> ./7jhytc7f68fx6af5yx55lfqj 61
$> diff -U 3 user_output_test7 test7.output | cat -e

Diff OK :D
= Test 8 ===================================================
$> ./s2tv1lkgb6c6dlfolfoi18d0 162
$> diff -U 3 user_output_test8 test8.output | cat -e

Diff OK :D
= Test 9 ===================================================
$> ./6b6qwxy0m7c3t3x4fw1uyoij 180595
$> diff -U 3 user_output_test9 test9.output | cat -e

Diff OK :D
= Test 10 ==================================================
$> ./87t6pvd5wpriyexh6h0l7mcj -1692358
$> diff -U 3 user_output_test10 test10.output | cat -e

Diff OK :D
= Test 11 ==================================================
$> ./4yae70v4bzvgygi5oo8gn881 771459
$> diff -U 3 user_output_test11 test11.output | cat -e

Diff OK :D
= Test 12 ==================================================
$> ./92l9abcj15iin5n6ecrbga0l -510312
$> diff -U 3 user_output_test12 test12.output | cat -e

Diff OK :D
= Test 13 ==================================================
$> ./yjh0zs7xmmtnwdt61puo7utm -1057424
$> diff -U 3 user_output_test13 test13.output | cat -e

Diff OK :D
= Test 14 ==================================================
$> ./nf1fpu98ga6jewjlz7pisvdm 1048407
$> diff -U 3 user_output_test14 test14.output | cat -e

Diff OK :D
= Test 15 ==================================================
$> ./q4xsswyme17yyr3zutdoqs62 -880747
$> diff -U 3 user_output_test15 test15.output | cat -e

Diff OK :D
Grade: 1

= Final grade: 1 ===============================================================
