= ft_atoi_base =================================================================
$> gcc -Wextra -Wall -Werror ft_atoi_base.c main.c -o user_exe 

= Test 1 ===================================================
$> ./b90ztvvgeyhvhwz0ak2010sh 
$> diff -U 3 user_output_test1 test1.output | cat -e

Diff OK :D
= Test 2 ===================================================
$> ./4agz47v9hm4fc371wfijnnah "21" "2313" "12"
$> diff -U 3 user_output_test2 test2.output | cat -e

Diff OK :D
= Test 3 ===================================================
$> ./11l54py41hdqv2kcvy5wnwdo "2147483647" "10"
$> diff -U 3 user_output_test3 test3.output | cat -e

Diff OK :D
= Test 4 ===================================================
$> ./br7hjqy6zpliitsu77mfr5nc "-2147483648" "10"
$> diff -U 3 user_output_test4 test4.output | cat -e

Diff OK :D
= Test 5 ===================================================
$> ./1nxv4961ttkijt2qfuupyodi "0" "2"
$> diff -U 3 user_output_test5 test5.output | cat -e

Diff OK :D
= Test 6 ===================================================
$> ./3knrr7wo2rgr6xykqxen7rgc "--223" "10"
$> diff -U 3 user_output_test6 test6.output | cat -e

Diff OK :D
= Test 7 ===================================================
$> ./v8n8dz0w831bdi40ypw8z941 "2145540152" "9"
$> diff -U 3 user_output_test7 test7.output | cat -e

Diff OK :D
= Test 8 ===================================================
$> ./ceq4sle9upwj2rrah5tjgnj9 "852A2529" "11"
$> diff -U 3 user_output_test8 test8.output | cat -e

Diff OK :D
= Test 9 ===================================================
$> ./0t26tqqhn030jvtjryw2u1ue "132311550040" "6"
$> diff -U 3 user_output_test9 test9.output | cat -e

Diff OK :D
= Test 10 ==================================================
$> ./bsbr7jwlaqfsqkntevqjmzl4 "792A5dA8" "14"
$> diff -U 3 user_output_test10 test10.output | cat -e

Diff OK :D
= Test 11 ==================================================
$> ./c36wqmtdvs8aqyc87bdwjtez "6136240326" "7"
$> diff -U 3 user_output_test11 test11.output | cat -e

Diff OK :D
= Test 12 ==================================================
$> ./asldpm9fgqv8dvr0ewesl6yp "445105431554" "6"
$> diff -U 3 user_output_test12 test12.output | cat -e

Diff OK :D
= Test 13 ==================================================
$> ./a8teyi9peo13heawh8pmulmj "111101111001101000011110100000" "2"
$> diff -U 3 user_output_test13 test13.output | cat -e

Diff OK :D
= Test 14 ==================================================
$> ./nlmzn2rwnjwphqqsugxkigof "1664499186" "10"
$> diff -U 3 user_output_test14 test14.output | cat -e

Diff OK :D
= Test 15 ==================================================
$> ./eotusjcjpe65kjqng3s883tx "133350041553" "6"
$> diff -U 3 user_output_test15 test15.output | cat -e

Diff OK :D
= Test 16 ==================================================
$> ./0f12i8zis34mvmhadiy5a56l "667E7DBD" "15"
$> diff -U 3 user_output_test16 test16.output | cat -e

Diff OK :D
= Test 17 ==================================================
$> ./w97aefn9hlz1bjhfyos1q36z "89722579" "15"
$> diff -U 3 user_output_test17 test17.output | cat -e

Diff OK :D
= Test 18 ==================================================
$> ./cricgeq5vx2zvexs8cokszu3 "1288464734" "9"
$> diff -U 3 user_output_test18 test18.output | cat -e

Diff OK :D
= Test 19 ==================================================
$> ./4ejrz73os7o3uiyyqr7a26bf "315341044352" "6"
$> diff -U 3 user_output_test19 test19.output | cat -e

Diff OK :D
= Test 20 ==================================================
$> ./ke2c0g1l6wk3dmobt5jn4b5l "10a816a12" "14"
$> diff -U 3 user_output_test20 test20.output | cat -e

Diff OK :D
Grade: 1

= Final grade: 1 ===============================================================
